<?xml version="1.0" encoding="UTF-8"?>
<!-- Generated by org.testng.reporters.JUnitReportReporter -->
<testsuite hostname="DESKTOP-E71253M" failures="0" tests="1" name="com.qa.opencart.tests.LoginPageTest" time="2.155" errors="0" timestamp="2023-07-19T13:23:26 IST" skipped="0">
  <testcase classname="com.qa.opencart.tests.LoginPageTest" name="login" time="2.155"/>
</testsuite> <!-- com.qa.opencart.tests.LoginPageTest -->
