<?xml version="1.0" encoding="UTF-8"?>
<!-- Generated by org.testng.reporters.JUnitReportReporter -->
<testsuite hostname="DESKTOP-E71253M" failures="0" tests="4" name="com.qa.opencart.tests.AccountPageTest" time="1.384" errors="0" timestamp="2023-07-30T17:32:59 IST" skipped="3">
  <testcase classname="com.qa.opencart.tests.AccountPageTest" name="verifyProductMetaData" time="1.384"/>
  <testcase classname="com.qa.opencart.tests.AccountPageTest" name="isHeadersVisible">
    <skipped/>
  </testcase> <!-- isHeadersVisible -->
  <testcase classname="com.qa.opencart.tests.AccountPageTest" name="verifyProductImages">
    <skipped/>
  </testcase> <!-- verifyProductImages -->
  <testcase classname="com.qa.opencart.tests.AccountPageTest" name="isLogoutLinkVisible">
    <skipped/>
  </testcase> <!-- isLogoutLinkVisible -->
</testsuite> <!-- com.qa.opencart.tests.AccountPageTest -->
