<?xml version="1.0" encoding="UTF-8"?>
<!-- Generated by org.testng.reporters.JUnitReportReporter -->
<testsuite hostname="DESKTOP-E71253M" failures="0" tests="1" name="com.qa.opencart.tests.dryRun" time="0.004" errors="0" timestamp="2023-07-21T10:43:38 IST" skipped="0">
  <testcase classname="com.qa.opencart.tests.dryRun" name="myTest" time="0.004"/>
</testsuite> <!-- com.qa.opencart.tests.dryRun -->
