<?xml version="1.0" encoding="UTF-8"?>
<!-- Generated by org.testng.reporters.JUnitReportReporter -->
<testsuite hostname="DESKTOP-E71253M" failures="0" tests="2" name="com.qa.opencart.tests.ProductInfoTest" time="4.977" errors="0" timestamp="2023-07-31T19:40:08 IST" skipped="1">
  <testcase classname="com.qa.opencart.tests.ProductInfoTest" name="verifyProductMeatData" time="4.977"/>
  <testcase classname="com.qa.opencart.tests.ProductInfoTest" name="verifyProductImages">
    <skipped/>
  </testcase> <!-- verifyProductImages -->
</testsuite> <!-- com.qa.opencart.tests.ProductInfoTest -->
